<?xml version="1.0" encoding="UTF-8"?>
<testsuite name="com.commercehub.core.state.impl.xml.ConcurrentStateMachineTest" tests="4" failures="0" errors="0" timestamp="2014-06-24T03:02:26" hostname="Zeiss.local" time="0.084">
  <properties/>
  <testcase name="testTransitionFromExclusiveToConcurrent" classname="com.commercehub.core.state.impl.xml.ConcurrentStateMachineTest" time="0.063"/>
  <testcase name="testTransitionInternalToConcurrent" classname="com.commercehub.core.state.impl.xml.ConcurrentStateMachineTest" time="0.006"/>
  <testcase name="testTransitionFromConcurrentToExclusive" classname="com.commercehub.core.state.impl.xml.ConcurrentStateMachineTest" time="0.006"/>
  <testcase name="testTransitionConcurrentToConcurrent" classname="com.commercehub.core.state.impl.xml.ConcurrentStateMachineTest" time="0.008"/>
  <system-out><![CDATA[Entered com.commercehub.core.state.impl.xml.Alphabetical (C)
Entered com.commercehub.core.state.impl.xml.Alphabetical (D)
Entered com.commercehub.core.state.impl.xml.Alphabetical (E)
Entered com.commercehub.core.state.impl.xml.Alphabetical (G)
Entered com.commercehub.core.state.impl.xml.Alphabetical (H)
Entered com.commercehub.core.state.impl.xml.Alphabetical (I)
Entered com.commercehub.core.state.impl.xml.Alphabetical (C)
Entered com.commercehub.core.state.impl.xml.Alphabetical (J)
Entered com.commercehub.core.state.impl.xml.Alphabetical (K)
Entered com.commercehub.core.state.impl.xml.Alphabetical (L)
Entered com.commercehub.core.state.impl.xml.Alphabetical (M)
]]></system-out>
  <system-err><![CDATA[]]></system-err>
</testsuite>
