<?xml version="1.0" encoding="UTF-8"?>
<testsuite name="com.commercehub.core.state.impl.xml.XMLStateMachineFactoryTest" tests="1" failures="0" errors="0" timestamp="2014-06-24T03:02:26" hostname="Zeiss.local" time="0.002">
  <properties/>
  <testcase name="test" classname="com.commercehub.core.state.impl.xml.XMLStateMachineFactoryTest" time="0.002"/>
  <system-out><![CDATA[]]></system-out>
  <system-err><![CDATA[]]></system-err>
</testsuite>
