<?xml version="1.0" encoding="UTF-8"?>
<testsuite name="com.commercehub.core.state.impl.xml.ExclusiveStateMachineTest" tests="5" failures="0" errors="0" timestamp="2014-06-24T03:02:26" hostname="Zeiss.local" time="0.034">
  <properties/>
  <testcase name="testTransitionBetweenSiblings" classname="com.commercehub.core.state.impl.xml.ExclusiveStateMachineTest" time="0.007"/>
  <testcase name="testTransitionFromAncestorToDescendent" classname="com.commercehub.core.state.impl.xml.ExclusiveStateMachineTest" time="0.007"/>
  <testcase name="testTransitionFromDescendentToAncestor" classname="com.commercehub.core.state.impl.xml.ExclusiveStateMachineTest" time="0.009"/>
  <testcase name="testTransitionBetweenAncestors" classname="com.commercehub.core.state.impl.xml.ExclusiveStateMachineTest" time="0.004"/>
  <testcase name="testSelfTransition" classname="com.commercehub.core.state.impl.xml.ExclusiveStateMachineTest" time="0.005"/>
  <system-out><![CDATA[[ancestors, ancestor-to-descendent, siblings]
Entered com.commercehub.core.state.impl.xml.Alphabetical (null)
Entered com.commercehub.core.state.impl.xml.Alphabetical (null)
Entered com.commercehub.core.state.impl.xml.Alphabetical (null)
Entered com.commercehub.core.state.impl.xml.Alphabetical (null)
]]></system-out>
  <system-err><![CDATA[]]></system-err>
</testsuite>
